src/es/manhwalatino/build/outputs/mapping/release/mapping.txt
# compiler: R8
# compiler_version: 9.3.16
# min_api: 26
# common_typos_disable
# {"id":"com.android.tools.r8.mapping","version":"2.2"}
# pg_map_id: 4c738defb5521d3e8f3aa4ee2d56f5cbc4ec3cd39267e36ae028727f5449d731
# pg_map_hash: SHA-256 4c738defb5521d3e8f3aa4ee2d56f5cbc4ec3cd39267e36ae028727f5449d731
...
keiyoushi.lib.i18n.Intl$$ExternalSyntheticLambda0 -> b:
# {"id":"sourceFile","fileName":"R8$$SyntheticClass"}
# {"id":"com.android.tools.r8.synthesized"}
    int Intl$$ExternalSyntheticLambda0.$r8$classId -> a
      # {"id":"com.android.tools.r8.synthesized"}
    1:6:void Intl$$ExternalSyntheticLambda0.<init>(int):0:0 -> <init>
      # {"id":"com.android.tools.r8.synthesized"}
    8:10:boolean keiyoushi.network.RateLimitKt.rateLimit_ck1zr5g$lambda$0(okhttp3.HttpUrl):0:0 -> invoke
    8:10:java.lang.Object Intl$$ExternalSyntheticLambda0.invoke(java.lang.Object):0 -> invoke
      # {"id":"com.android.tools.r8.synthesized"}
    11:15:java.lang.Object Intl$$ExternalSyntheticLambda0.invoke(java.lang.Object):0:0 -> invoke
    16:18:java.lang.CharSequence eu.kanade.tachiyomi.multisrc.madara.Madara.mangaDetailsParse$lambda$0$6$0(org.jsoup.nodes.Element):0:0 -> invoke
    16:18:java.lang.Object Intl$$ExternalSyntheticLambda0.invoke(java.lang.Object):0 -> invoke
    19:37:java.lang.CharSequence eu.kanade.tachiyomi.multisrc.madara.Madara.mangaDetailsParse$lambda$0$6$0(org.jsoup.nodes.Element):735:735 -> invoke
    19:37:java.lang.Object Intl$$ExternalSyntheticLambda0.invoke(java.lang.Object):0 -> invoke
    38:40:java.lang.Object Intl$$ExternalSyntheticLambda0.invoke(java.lang.Object):0:0 -> invoke
    41:45:java.lang.String keiyoushi.lib.i18n.Intl._init_$lambda$0(java.lang.String):0:0 -> invoke
keiyoushi.lib.i18n.Intl$$ExternalSyntheticLambda1 -> c:
# {"id":"sourceFile","fileName":"R8$$SyntheticClass"}
# {"id":"com.android.tools.r8.synthesized"}
    int Intl$$ExternalSyntheticLambda1.$r8$classId -> a
      # {"id":"com.android.tools.r8.synthesized"}
    keiyoushi.lib.i18n.Intl keiyoushi.lib.i18n.Intl$$InternalSyntheticLambda$3$72c404bb9069f2297baf38bbc018892d8586c49b7167f1af490ef95e474ca565$0.f$0 -> b
      # {"id":"com.android.tools.r8.residualsignature","signature":"Ld;"}
      # {"id":"com.android.tools.r8.synthesized"}
    1:8:void Intl$$ExternalSyntheticLambda1.<init>(Intl,int):0:0 -> <init>
      # {"id":"com.android.tools.r8.synthesized"}
      # {"id":"com.android.tools.r8.residualsignature","signature":"(Ld;I)V"}
    12:19:java.util.PropertyResourceBundle keiyoushi.lib.i18n.Intl.bundle_delegate$lambda$0(keiyoushi.lib.i18n.Intl):43:43 -> invoke
      # {"id":"com.android.tools.r8.residualsignature","signature":"()Ljava/lang/Object;"}
    20:28:java.util.PropertyResourceBundle keiyoushi.lib.i18n.Intl.getBaseBundle():40:40 -> invoke
    20:28:java.util.PropertyResourceBundle keiyoushi.lib.i18n.Intl.bundle_delegate$lambda$0(keiyoushi.lib.i18n.Intl):43 -> invoke
    29:36:java.util.PropertyResourceBundle keiyoushi.lib.i18n.Intl.createBundle(java.lang.String):78:78 -> invoke
    29:36:java.util.PropertyResourceBundle keiyoushi.lib.i18n.Intl.bundle_delegate$lambda$0(keiyoushi.lib.i18n.Intl):43 -> invoke
keiyoushi.lib.i18n.Intl$Companion -> R8$$REMOVED$$CLASS$$2:
# {"id":"sourceFile","fileName":"Intl.kt"}