src/es/manhwalatino/build/outputs/mapping/release/usage.txt
keiyoushi.utils.GraphQLResponse$GraphQLError$Companion
keiyoushi.utils.GraphQLResponse$GraphQLError
keiyoushi.utils.GraphQLResponse
keiyoushi.utils.InflaterKt
keiyoushi.utils.JsonElementKt
keiyoushi.utils.JsonKt$special$$inlined$get$1
keiyoushi.utils.JsonKt
keiyoushi.utils.LoggingWebChromeClient$WhenMappings
keiyoushi.utils.LoggingWebChromeClient
keiyoushi.utils.NextJsKt$inferredNextJsPredicate$2
keiyoushi.utils.NextJsKt$inferredNextJsPredicate$3
keiyoushi.utils.NextJsKt
keiyoushi.utils.PersistedQueryExtension$$serializer
keiyoushi.utils.PersistedQueryExtension$Companion
keiyoushi.utils.PersistedQueryExtension$PersistedQuery$$serializer
keiyoushi.utils.PersistedQueryExtension$PersistedQuery$Companion
keiyoushi.utils.PersistedQueryExtension$PersistedQuery
keiyoushi.utils.PersistedQueryExtension
keiyoushi.utils.PreferencesKt$getPreferences$1
keiyoushi.utils.PreferencesKt$getPreferencesLazy$1
keiyoushi.utils.PreferencesKt$getPreferencesLazy$2
keiyoushi.utils.PreferencesKt
keiyoushi.utils.ProtobufKt$special$$inlined$get$1
keiyoushi.utils.ProtobufKt
keiyoushi.utils.RenderProcessGoneException
keiyoushi.utils.ScopeWebViewClient$Companion
keiyoushi.utils.ScopeWebViewClient$client_delegate$lambda$0$$inlined$get$1
keiyoushi.utils.ScopeWebViewClient
keiyoushi.utils.WebViewKt$runWebView$1
keiyoushi.utils.WebViewKt$runWebView$execute$2$1
keiyoushi.utils.WebViewKt$runWebView$execute$2
keiyoushi.utils.WebViewKt$runWebViewBlocking$2$watcher$1
keiyoushi.utils.WebViewKt$runWebViewBlocking$2
keiyoushi.utils.WebViewKt
keiyoushi.utils.WebViewScope$jsBridge$1
keiyoushi.utils.WebViewScope$poll$runnable$1
keiyoushi.utils.WebViewScope$setting$1
keiyoushi.utils.WebViewScope
keiyoushi.utils.WebViewSession
keiyoushi.utils.WebViewTimeoutException
keiyoushi.utils.reactFlight.ReactFlightBigIntKt
keiyoushi.utils.reactFlight.ReactFlightBigIntSerializer
keiyoushi.utils.reactFlight.ReactFlightDateKt
keiyoushi.utils.reactFlight.ReactFlightDateSerializer
keiyoushi.utils.reactFlight.ReactFlightNumberKt
keiyoushi.utils.reactFlight.ReactFlightNumberSerializer
keiyoushi.zip.Entry
keiyoushi.zip.Eocd
keiyoushi.zip.FixedLengthSource
keiyoushi.zip.ZipDirectory
keiyoushi.zip.ZipKt
app.senpou.extension.es.manhwalatino.ExtensionGenerated:
    public final boolean useNewChapterEndpoint
    public static eu.kanade.tachiyomi.source.model.SChapter chapterFromElement()
    public final java.text.SimpleDateFormat getDateFormat()
    public final java.lang.String getMangaDetailsSelectorDescription()
    public final java.lang.String getMangaDetailsSelectorStatus()
    public final java.lang.String getPageListParseSelector()
    public final eu.kanade.tachiyomi.multisrc.madara.Madara$LoadMoreStrategy getUseLoadMoreRequest()
app.senpou.extension.es.manhwalatino.ManhwaLatino
eu.kanade.tachiyomi.multisrc.madara.Madara$Companion
eu.kanade.tachiyomi.multisrc.madara.Madara$LoadMoreDetection:
    public static final synthetic kotlin.enums.EnumEntries $ENTRIES
eu.kanade.tachiyomi.multisrc.madara.Madara$LoadMoreStrategy:
    public static final synthetic kotlin.enums.EnumEntries $ENTRIES
    public static final enum eu.kanade.tachiyomi.multisrc.madara.Madara$LoadMoreStrategy Always
eu.kanade.tachiyomi.multisrc.madara.Madara$UriPartFilter:
    public synthetic void <init>(java.lang.String,kotlin.Pair[],int)
eu.kanade.tachiyomi.multisrc.madara.Madara$WhenMappings
eu.kanade.tachiyomi.multisrc.madara.Madara$launchIO$1:
    public int label
    public static java.lang.Object invoke()